<?xml version="1.0" encoding="UTF-8"?>
<!-- Generated by org.testng.reporters.JUnitReportReporter -->
<testsuite hostname="LTIN513673" failures="0" tests="14" name="testCase.TC_07_AwardsContentVerification" time="260.425" errors="0" timestamp="2024-06-03T12:15:42 IST" skipped="0">
  <testcase classname="testCase.TC_07_AwardsContentVerification" name="userVerification" time="36.276"/>
  <testcase classname="testCase.TC_07_AwardsContentVerification" name="userVerification" time="11.858"/>
  <testcase classname="testCase.TC_07_AwardsContentVerification" name="dropDownValidation" time="25.885"/>
  <testcase classname="testCase.TC_07_AwardsContentVerification" name="dropDownValidation" time="15.483"/>
  <testcase classname="testCase.TC_07_AwardsContentVerification" name="appVerification" time="1.658"/>
  <testcase classname="testCase.TC_07_AwardsContentVerification" name="appVerification" time="2.041"/>
  <testcase classname="testCase.TC_07_AwardsContentVerification" name="presenceOfNewsLable" time="3.956"/>
  <testcase classname="testCase.TC_07_AwardsContentVerification" name="presenceOfNewsLable" time="3.656"/>
  <testcase classname="testCase.TC_07_AwardsContentVerification" name="presenceOfAwardsLable" time="3.045"/>
  <testcase classname="testCase.TC_07_AwardsContentVerification" name="presenceOfAwardsLable" time="3.069"/>
  <testcase classname="testCase.TC_07_AwardsContentVerification" name="verificationOfNewsTooltip" time="5.477"/>
  <testcase classname="testCase.TC_07_AwardsContentVerification" name="verificationOfNewsTooltip" time="5.969"/>
  <testcase classname="testCase.TC_07_AwardsContentVerification" name="awardContentVerification" time="70.954"/>
  <testcase classname="testCase.TC_07_AwardsContentVerification" name="awardContentVerification" time="71.098"/>
</testsuite> <!-- testCase.TC_07_AwardsContentVerification -->
